# JRE version: 7.0_13-b20
# Java VM: Java HotSpot(TM) 64-Bit Server VM (23.7-b01 mixed mode windows-amd64 compressed oops)
Heap
 PSYoungGen      total 322560K, used 76131K [0x00000000eaab0000, 0x0000000100000000, 0x0000000100000000)
  eden space 299200K, 25% used [0x00000000eaab0000,0x00000000ef508d90,0x00000000fcee0000)
  from space 23360K, 0% used [0x00000000fe930000,0x00000000fe930000,0x0000000100000000)
  to   space 25152K, 0% used [0x00000000fcee0000,0x00000000fcee0000,0x00000000fe770000)
 ParOldGen       total 65536K, used 39632K [0x00000000c0000000, 0x00000000c4000000, 0x00000000eaab0000)
  object space 65536K, 60% used [0x00000000c0000000,0x00000000c26b40c0,0x00000000c4000000)
 PSPermGen       total 87616K, used 43941K [0x00000000b0000000, 0x00000000b5590000, 0x00000000c0000000)
  object space 87616K, 50% used [0x00000000b0000000,0x00000000b2ae9738,0x00000000b5590000)
GC Heap History (10 events):
Event: 20.746 GC heap before
{Heap before GC invocations=7 (full 0):
 PSYoungGen      total 106816K, used 103012K [0x00000000eaab0000, 0x00000000f1bd0000, 0x0000000100000000)
  eden space 98304K, 100% used [0x00000000eaab0000,0x00000000f0ab0000,0x00000000f0ab0000)
  from space 8512K, 55% used [0x00000000f1380000,0x00000000f18190b0,0x00000000f1bd0000)
  to   space 8768K, 0% used [0x00000000f0ab0000,0x00000000f0ab0000,0x00000000f1340000)
 ParOldGen       total 65536K, used 9260K [0x00000000c0000000, 0x00000000c4000000, 0x00000000eaab0000)
  object space 65536K, 14% used [0x00000000c0000000,0x00000000c090b078,0x00000000c4000000)
 PSPermGen       total 22400K, used 22328K [0x00000000b0000000, 0x00000000b15e0000, 0x00000000c0000000)
  object space 22400K, 99% used [0x00000000b0000000,0x00000000b15ce308,0x00000000b15e0000)
Event: 20.775 GC heap after
Heap after GC invocations=7 (full 0):
 PSYoungGen      total 107072K, used 7288K [0x00000000eaab0000, 0x00000000f7c90000, 0x0000000100000000)
  eden space 98304K, 0% used [0x00000000eaab0000,0x00000000eaab0000,0x00000000f0ab0000)
  from space 8768K, 83% used [0x00000000f0ab0000,0x00000000f11ce110,0x00000000f1340000)
  to   space 9152K, 0% used [0x00000000f73a0000,0x00000000f73a0000,0x00000000f7c90000)
 ParOldGen       total 65536K, used 10360K [0x00000000c0000000, 0x00000000c4000000, 0x00000000eaab0000)
  object space 65536K, 15% used [0x00000000c0000000,0x00000000c0a1e1a8,0x00000000c4000000)
 PSPermGen       total 22400K, used 22328K [0x00000000b0000000, 0x00000000b15e0000, 0x00000000c0000000)
  object space 22400K, 99% used [0x00000000b0000000,0x00000000b15ce308,0x00000000b15e0000)
}
Event: 33.282 GC heap before
{Heap before GC invocations=8 (full 0):
 PSYoungGen      total 107072K, used 105592K [0x00000000eaab0000, 0x00000000f7c90000, 0x0000000100000000)
  eden space 98304K, 100% used [0x00000000eaab0000,0x00000000f0ab0000,0x00000000f0ab0000)
  from space 8768K, 83% used [0x00000000f0ab0000,0x00000000f11ce110,0x00000000f1340000)
  to   space 9152K, 0% used [0x00000000f73a0000,0x00000000f73a0000,0x00000000f7c90000)
 ParOldGen       total 65536K, used 10360K [0x00000000c0000000, 0x00000000c4000000, 0x00000000eaab0000)
  object space 65536K, 15% used [0x00000000c0000000,0x00000000c0a1e1a8,0x00000000c4000000)
 PSPermGen       total 30080K, used 29934K [0x00000000b0000000, 0x00000000b1d60000, 0x00000000c0000000)
  object space 30080K, 99% used [0x00000000b0000000,0x00000000b1d3b870,0x00000000b1d60000)
Event: 33.319 GC heap after
Heap after GC invocations=8 (full 0):
 PSYoungGen      total 201536K, used 9131K [0x00000000eaab0000, 0x00000000f84d0000, 0x0000000100000000)
  eden space 192384K, 0% used [0x00000000eaab0000,0x00000000eaab0000,0x00000000f6690000)
  from space 9152K, 99% used [0x00000000f73a0000,0x00000000f7c8ae10,0x00000000f7c90000)
  to   space 13376K, 0% used [0x00000000f6690000,0x00000000f6690000,0x00000000f73a0000)
 ParOldGen       total 65536K, used 17656K [0x00000000c0000000, 0x00000000c4000000, 0x00000000eaab0000)
  object space 65536K, 26% used [0x00000000c0000000,0x00000000c113e098,0x00000000c4000000)
 PSPermGen       total 30080K, used 29934K [0x00000000b0000000, 0x00000000b1d60000, 0x00000000c0000000)
  object space 30080K, 99% used [0x00000000b0000000,0x00000000b1d3b870,0x00000000b1d60000)
}
Event: 46.015 GC heap before
{Heap before GC invocations=9 (full 0):
 PSYoungGen      total 201536K, used 201515K [0x00000000eaab0000, 0x00000000f84d0000, 0x0000000100000000)
  eden space 192384K, 100% used [0x00000000eaab0000,0x00000000f6690000,0x00000000f6690000)
  from space 9152K, 99% used [0x00000000f73a0000,0x00000000f7c8ae10,0x00000000f7c90000)
  to   space 13376K, 0% used [0x00000000f6690000,0x00000000f6690000,0x00000000f73a0000)
 ParOldGen       total 65536K, used 17656K [0x00000000c0000000, 0x00000000c4000000, 0x00000000eaab0000)
  object space 65536K, 26% used [0x00000000c0000000,0x00000000c113e098,0x00000000c4000000)
 PSPermGen       total 40832K, used 40800K [0x00000000b0000000, 0x00000000b27e0000, 0x00000000c0000000)
  object space 40832K, 99% used [0x00000000b0000000,0x00000000b27d8370,0x00000000b27e0000)
Event: 46.094 GC heap after
Heap after GC invocations=9 (full 0):
 PSYoungGen      total 205760K, used 13364K [0x00000000eaab0000, 0x0000000100000000, 0x0000000100000000)
  eden space 192384K, 0% used [0x00000000eaab0000,0x00000000eaab0000,0x00000000f6690000)
  from space 13376K, 99% used [0x00000000f6690000,0x00000000f739d020,0x00000000f73a0000)
  to   space 23360K, 0% used [0x00000000fe930000,0x00000000fe930000,0x0000000100000000)
 ParOldGen       total 65536K, used 37725K [0x00000000c0000000, 0x00000000c4000000, 0x00000000eaab0000)
  object space 65536K, 57% used [0x00000000c0000000,0x00000000c24d7528,0x00000000c4000000)
 PSPermGen       total 40832K, used 40800K [0x00000000b0000000, 0x00000000b27e0000, 0x00000000c0000000)
  object space 40832K, 99% used [0x00000000b0000000,0x00000000b27d8370,0x00000000b27e0000)
}
Event: 49.665 GC heap before
{Heap before GC invocations=10 (full 0):
 PSYoungGen      total 205760K, used 105742K [0x00000000eaab0000, 0x0000000100000000, 0x0000000100000000)
  eden space 192384K, 48% used [0x00000000eaab0000,0x00000000f04e6848,0x00000000f6690000)
  from space 13376K, 99% used [0x00000000f6690000,0x00000000f739d020,0x00000000f73a0000)
  to   space 23360K, 0% used [0x00000000fe930000,0x00000000fe930000,0x0000000100000000)
 ParOldGen       total 65536K, used 37725K [0x00000000c0000000, 0x00000000c4000000, 0x00000000eaab0000)
  object space 65536K, 57% used [0x00000000c0000000,0x00000000c24d7528,0x00000000c4000000)
 PSPermGen       total 43904K, used 43806K [0x00000000b0000000, 0x00000000b2ae0000, 0x00000000c0000000)
  object space 43904K, 99% used [0x00000000b0000000,0x00000000b2ac7ba8,0x00000000b2ae0000)
Event: 49.739 GC heap after
Heap after GC invocations=10 (full 0):
 PSYoungGen      total 322560K, used 18591K [0x00000000eaab0000, 0x0000000100000000, 0x0000000100000000)
  eden space 299200K, 0% used [0x00000000eaab0000,0x00000000eaab0000,0x00000000fcee0000)
  from space 23360K, 79% used [0x00000000fe930000,0x00000000ffb57f98,0x0000000100000000)
  to   space 25152K, 0% used [0x00000000fcee0000,0x00000000fcee0000,0x00000000fe770000)
 ParOldGen       total 65536K, used 42813K [0x00000000c0000000, 0x00000000c4000000, 0x00000000eaab0000)
  object space 65536K, 65% used [0x00000000c0000000,0x00000000c29cf598,0x00000000c4000000)
 PSPermGen       total 43904K, used 43806K [0x00000000b0000000, 0x00000000b2ae0000, 0x00000000c0000000)
  object space 43904K, 99% used [0x00000000b0000000,0x00000000b2ac7ba8,0x00000000b2ae0000)
}
Event: 49.771 GC heap before
{Heap before GC invocations=11 (full 1):
 PSYoungGen      total 322560K, used 18591K [0x00000000eaab0000, 0x0000000100000000, 0x0000000100000000)
  eden space 299200K, 0% used [0x00000000eaab0000,0x00000000eaab0000,0x00000000fcee0000)
  from space 23360K, 79% used [0x00000000fe930000,0x00000000ffb57f98,0x0000000100000000)
  to   space 25152K, 0% used [0x00000000fcee0000,0x00000000fcee0000,0x00000000fe770000)
 ParOldGen       total 65536K, used 42813K [0x00000000c0000000, 0x00000000c4000000, 0x00000000eaab0000)
  object space 65536K, 65% used [0x00000000c0000000,0x00000000c29cf598,0x00000000c4000000)
 PSPermGen       total 43904K, used 43806K [0x00000000b0000000, 0x00000000b2ae0000, 0x00000000c0000000)
  object space 43904K, 99% used [0x00000000b0000000,0x00000000b2ac7ba8,0x00000000b2ae0000)
Event: 50.498 GC heap after
Heap after GC invocations=11 (full 1):
 PSYoungGen      total 322560K, used 0K [0x00000000eaab0000, 0x0000000100000000, 0x0000000100000000)
  eden space 299200K, 0% used [0x00000000eaab0000,0x00000000eaab0000,0x00000000fcee0000)
  from space 23360K, 0% used [0x00000000fe930000,0x00000000fe930000,0x0000000100000000)
  to   space 25152K, 0% used [0x00000000fcee0000,0x00000000fcee0000,0x00000000fe770000)
 ParOldGen       total 65536K, used 39632K [0x00000000c0000000, 0x00000000c4000000, 0x00000000eaab0000)
  object space 65536K, 60% used [0x00000000c0000000,0x00000000c26b40c0,0x00000000c4000000)
 PSPermGen       total 87616K, used 43764K [0x00000000b0000000, 0x00000000b5590000, 0x00000000c0000000)
  object space 87616K, 49% used [0x00000000b0000000,0x00000000b2abd2f8,0x00000000b5590000)
}

